{"name":"MDA","hostname":"ITSs-MacBook-Pro.local","pid":98765,"level":50,"details":{"error_type":"Error dropping jurisdictions: Query error: \"syntax error at or near \\\",\\\"\""},"msg":"undefined","time":"2018-01-12T12:40:58.347Z","v":0}
{"name":"MDA","hostname":"ITSs-MacBook-Pro.local","pid":98940,"level":50,"details":{"error_type":"Error dropping jurisdictions: Query error: \"syntax error at or near \\\",\\\"\""},"msg":"undefined","time":"2018-01-12T12:42:08.317Z","v":0}
{"name":"MDA","hostname":"ITSs-MacBook-Pro.local","pid":682,"level":50,"details":{"error_type":"Error dropping jurisdictions: Query error: \"syntax error at or near \\\"tag\\\"\""},"msg":"undefined","time":"2018-01-12T12:53:27.165Z","v":0}
{"name":"MDA","hostname":"ITSs-MacBook-Pro.local","pid":12296,"level":50,"details":{"error_type":"Error dropping categories: TypeError: inserts[table] is not a function"},"msg":"undefined","time":"2018-01-12T20:03:50.739Z","v":0}
{"name":"MDA","hostname":"ITSs-MacBook-Pro.local","pid":14453,"level":50,"details":{"error_type":"Error dropping categories: Query error: \"A query must have either text or a name. Supplying neither is unsupported.\""},"msg":"undefined","time":"2018-01-12T20:19:29.690Z","v":0}
{"name":"MDA","hostname":"ITSs-MacBook-Pro.local","pid":14695,"level":50,"details":{"error_type":"Error dropping categories: Query error: \"A query must have either text or a name. Supplying neither is unsupported.\""},"msg":"undefined","time":"2018-01-12T20:21:10.571Z","v":0}
{"name":"MDA","hostname":"ITSs-MacBook-Pro.local","pid":14765,"level":50,"details":{"error_type":"Error dropping categories: Query error: \"A query must have either text or a name. Supplying neither is unsupported.\""},"msg":"undefined","time":"2018-01-12T20:21:34.080Z","v":0}
{"name":"MDA","hostname":"ITSs-MacBook-Pro.local","pid":18686,"level":50,"details":{"error_type":"Error dropping pages: TypeError: Cannot read property 'length' of undefined"},"msg":"undefined","time":"2018-01-12T20:48:47.317Z","v":0}
{"name":"MDA","hostname":"ITSs-MacBook-Pro.local","pid":18858,"level":50,"details":{"error_type":"Error dropping pages: TypeError: Cannot read property 'length' of undefined"},"msg":"undefined","time":"2018-01-12T20:49:52.869Z","v":0}
{"name":"MDA","hostname":"ITSs-MacBook-Pro.local","pid":19024,"level":50,"details":{"error_type":"Error dropping pages: TypeError: Cannot read property 'length' of undefined"},"msg":"undefined","time":"2018-01-12T20:50:48.013Z","v":0}
{"name":"MDA","hostname":"ITSs-MacBook-Pro.local","pid":19100,"level":50,"details":{"error_type":"Error dropping pages: TypeError: Cannot read property 'length' of undefined"},"msg":"undefined","time":"2018-01-12T20:51:17.491Z","v":0}
{"name":"MDA","hostname":"ITSs-MacBook-Pro.local","pid":19205,"level":50,"details":{"error_type":"Error dropping pages: TypeError: Cannot read property 'length' of undefined"},"msg":"undefined","time":"2018-01-12T20:51:51.165Z","v":0}
{"name":"MDA","hostname":"ITSs-MacBook-Pro.local","pid":19314,"level":50,"details":{"error_type":"Error dropping pages: TypeError: Cannot read property 'length' of undefined"},"msg":"undefined","time":"2018-01-12T20:52:29.550Z","v":0}
{"name":"MDA","hostname":"ITSs-MacBook-Pro.local","pid":19386,"level":50,"details":{"error_type":"Error dropping pages: TypeError: Cannot read property 'length' of undefined"},"msg":"undefined","time":"2018-01-12T20:52:52.586Z","v":0}
{"name":"MDA","hostname":"ITSs-MacBook-Pro.local","pid":19714,"level":50,"details":{"error_type":"Error dropping pages: TypeError: Cannot read property 'nc' of undefined"},"msg":"undefined","time":"2018-01-12T20:55:03.573Z","v":0}
{"name":"MDA","hostname":"ITSs-MacBook-Pro.local","pid":19826,"level":50,"details":{"error_type":"Error dropping pages: TypeError: Cannot read property 'nc' of undefined"},"msg":"undefined","time":"2018-01-12T20:55:46.425Z","v":0}
{"name":"MDA","hostname":"ITSs-MacBook-Pro.local","pid":19949,"level":50,"details":{"error_type":"Error dropping pages: TypeError: Cannot read property 'nc' of undefined"},"msg":"undefined","time":"2018-01-12T20:56:21.118Z","v":0}
{"name":"MDA","hostname":"ITSs-MacBook-Pro.local","pid":20020,"level":50,"details":{"error_type":"Error dropping pages: TypeError: Cannot read property 'nc' of undefined"},"msg":"undefined","time":"2018-01-12T20:56:41.805Z","v":0}
{"name":"MDA","hostname":"ITSs-MacBook-Pro.local","pid":20281,"level":50,"details":{"error_type":"Error dropping pages: TypeError: Cannot read property 'nc' of undefined"},"msg":"undefined","time":"2018-01-12T20:58:22.774Z","v":0}
{"name":"MDA","hostname":"ITSs-MacBook-Pro.local","pid":20411,"level":50,"details":{"error_type":"Error dropping pages: Query error: \"syntax error at or near \\\",\\\"\""},"msg":"undefined","time":"2018-01-12T20:59:10.415Z","v":0}
{"name":"MDA","hostname":"ITSs-MacBook-Pro.local","pid":20644,"level":50,"details":{"error_type":"Error dropping pages: Query error: \"syntax error at or near \\\",\\\"\""},"msg":"undefined","time":"2018-01-12T21:00:47.998Z","v":0}
{"name":"MDA","hostname":"ITSs-MacBook-Pro.local","pid":20714,"level":50,"details":{"error_type":"Error dropping pages: Query error: \"syntax error at or near \\\",\\\"\""},"msg":"undefined","time":"2018-01-12T21:01:07.597Z","v":0}
{"name":"MDA","hostname":"ITSs-MacBook-Pro.local","pid":21651,"level":50,"details":{"error_type":"Error dropping pages: Query error: \"syntax error at or near \\\",\\\"\""},"msg":"undefined","time":"2018-01-12T21:07:49.157Z","v":0}
{"name":"MDA","hostname":"ITSs-MacBook-Pro.local","pid":21903,"level":50,"details":{"error_type":"Error dropping pages: Query error: \"syntax error at or near \\\",\\\"\""},"msg":"undefined","time":"2018-01-12T21:09:37.519Z","v":0}
{"name":"MDA","hostname":"ITSs-MacBook-Pro.local","pid":22087,"level":50,"details":{"error_type":"Error dropping pages: Query error: \"syntax error at or near \\\",\\\"\""},"msg":"undefined","time":"2018-01-12T21:10:42.044Z","v":0}
{"name":"MDA","hostname":"ITSs-MacBook-Pro.local","pid":22329,"level":50,"details":{"error_type":"Error dropping pages: Query error: \"syntax error at or near \\\",\\\"\""},"msg":"undefined","time":"2018-01-12T21:12:26.587Z","v":0}
{"name":"MDA","hostname":"ITSs-MacBook-Pro.local","pid":22423,"level":50,"details":{"error_type":"Error dropping pages: Query error: \"syntax error at or near \\\",\\\"\""},"msg":"undefined","time":"2018-01-12T21:12:57.124Z","v":0}
{"name":"MDA","hostname":"ITSs-MacBook-Pro.local","pid":22585,"level":50,"details":{"error_type":"Error dropping pages: Query error: \"column \\\"content\\\" of relation \\\"pages\\\" does not exist\""},"msg":"undefined","time":"2018-01-12T21:14:02.502Z","v":0}
{"name":"MDA","hostname":"ITSs-MacBook-Pro.local","pid":22729,"level":50,"details":{"error_type":"Error dropping pages: Query error: \"there is no parameter $1\""},"msg":"undefined","time":"2018-01-12T21:15:00.344Z","v":0}
{"name":"MDA","hostname":"ITSs-MacBook-Pro.local","pid":22833,"level":50,"details":{"error_type":"Error dropping pages: Query error: \"syntax error at or near \\\"<\\\"\""},"msg":"undefined","time":"2018-01-12T21:15:34.132Z","v":0}
{"name":"MDA","hostname":"ITSs-MacBook-Pro.local","pid":23020,"level":50,"details":{"error_type":"Error dropping pages: Query error: \"there is no parameter $1\""},"msg":"undefined","time":"2018-01-12T21:16:32.317Z","v":0}
{"name":"MDA","hostname":"ITSs-MacBook-Pro.local","pid":23347,"level":50,"details":{"error_type":"Error dropping pages: Query error: \"there is no parameter $1\""},"msg":"undefined","time":"2018-01-12T21:18:20.451Z","v":0}
{"name":"MDA","hostname":"ITSs-MacBook-Pro.local","pid":41637,"level":50,"details":{"error_type":"Error dropping pages: Query error: \"there is no parameter $1\""},"msg":"undefined","time":"2018-01-13T13:09:13.970Z","v":0}
{"name":"MDA","hostname":"ITSs-MacBook-Pro.local","pid":41717,"level":50,"details":{"error_type":"Error dropping pages: Query error: \"syntax error at or near \\\"<\\\"\""},"msg":"undefined","time":"2018-01-13T13:09:39.845Z","v":0}
{"name":"MDA","hostname":"ITSs-MacBook-Pro.local","pid":42857,"level":50,"details":{"error_type":"Error dropping pages: Query error: \"syntax error at or near \\\"<\\\"\""},"msg":"undefined","time":"2018-01-13T13:18:04.429Z","v":0}
{"name":"MDA","hostname":"ITSs-MacBook-Pro.local","pid":43212,"level":50,"details":{"error_type":"Error dropping jurisdictions: Query error: \"duplicate key value violates unique constraint \\\"jurisdictions_pkey\\\"\""},"msg":"undefined","time":"2018-01-13T13:20:25.555Z","v":0}
{"name":"MDA","hostname":"ITSs-MacBook-Pro.local","pid":43233,"level":50,"details":{"error_type":"Error dropping jurisdictions: Query error: \"duplicate key value violates unique constraint \\\"jurisdictions_pkey\\\"\""},"msg":"undefined","time":"2018-01-13T13:20:33.052Z","v":0}
{"name":"MDA","hostname":"ITSs-MacBook-Pro.local","pid":55621,"level":50,"details":{"error_type":"Error dropping resources: TypeError: Cannot read property 'replace' of null"},"msg":"undefined","time":"2018-01-13T14:55:54.471Z","v":0}
{"name":"MDA","hostname":"ITSs-MacBook-Pro.local","pid":55903,"level":50,"details":{"error_type":"Error running /Users/ericjackson/Dev/DA/reentry-resources-hub/data/dbops/sql/createResourcesTable.sql SQL job: Query error: \"syntax error at or near \\\":\\\"\""},"msg":"undefined","time":"2018-01-13T14:57:40.251Z","v":0}
{"name":"MDA","hostname":"ITSs-MacBook-Pro.local","pid":55995,"level":50,"details":{"error_type":"Error dropping resources: TypeError: Cannot read property 'replace' of null"},"msg":"undefined","time":"2018-01-13T14:58:10.796Z","v":0}
{"name":"MDA","hostname":"ITSs-MacBook-Pro.local","pid":61379,"level":50,"details":{"error_type":"Error dropping pages: SyntaxError: Unexpected token } in JSON at position 7162"},"msg":"undefined","time":"2018-01-13T16:46:31.153Z","v":0}
